<?xml version="1.0" encoding="UTF-8"?>
<!-- Generated by org.testng.reporters.JUnitReportReporter -->
<testsuite skipped="1" hostname="LIN35005936" name="my.project.automation.wolfram_alpha.cucumberTest" tests="1" failures="0" timestamp="09 Sep 2018 14:42:27 GMT" time="2.309" errors="0">
  <testcase name="runScenario" time="2.309" classname="my.project.automation.wolfram_alpha.cucumberTest">
    <skipped/>
  </testcase> <!-- runScenario -->
</testsuite> <!-- my.project.automation.wolfram_alpha.cucumberTest -->
