<?xml version="1.0" encoding="UTF-8"?>
<!-- Generated by org.testng.reporters.JUnitReportReporter -->
<testsuite skipped="0" hostname="LIN35005936" name="my.project.automation.wolfram_alpha.cucumberTest" tests="1" failures="0" timestamp="09 Sep 2018 17:51:02 GMT" time="56.924" errors="0">
  <testcase name="runScenario" time="56.924" classname="my.project.automation.wolfram_alpha.cucumberTest"/>
</testsuite> <!-- my.project.automation.wolfram_alpha.cucumberTest -->
